<?xml version="1.0" encoding="UTF-8"?>
<testsuites name="TS001-Login" time="112.716" tests="5" failures="0" errors="0">
   <testsuite name="TS001-Login" tests="5" failures="0" errors="0" time="112.716" skipped="0" timestamp="27-11-2024T17:25:25" hostname="ncbao - ncbao.tma.com.vn" id="Test Suites/COOLMATE-001/TS001-Login">
      <properties>
[...]
</properties>
      <testcase name="Test Cases/COOLMATE-001/TC001-Login with valid fields" time="41.012" classname="Test Cases/COOLMATE-001/TC001-Login with valid fields" status="PASSED">
         <system-out><![CDATA[27-11-2024T17:25:26 - [TEST_CASE][PASSED] - Test Cases/COOLMATE-001/TC001-Login with valid fields: Test Cases/COOLMATE-001/TC001-Login with valid fields

27-11-2024T17:25:26 - [TEST_STEP][PASSED] - Start listener action : beforeTestCase: null

27-11-2024T17:25:26 - [TEST_STEP][PASSED] - testCaseName = split("/").last(): null

27-11-2024T17:25:26 - [TEST_STEP][PASSED] - Start setup action : setupTestCase: Method 'setupTestCase' complete successfully

27-11-2024T17:25:26 - [TEST_STEP][PASSED] - basePath = getProjectDir(): null

27-11-2024T17:25:26 - [TEST_STEP][PASSED] - System.setProperty("webdriver.chrome.driver", basePath + "/Drivers/chromedriver131.exe"): null

27-11-2024T17:25:26 - [TEST_STEP][PASSED] - options = new org.openqa.selenium.chrome.ChromeOptions(): null

27-11-2024T17:25:26 - [TEST_STEP][PASSED] - options.addArguments("--incognito"): null

27-11-2024T17:25:26 - [TEST_STEP][PASSED] - driver = new org.openqa.selenium.chrome.ChromeDriver(options): null

27-11-2024T17:25:27 - [TEST_STEP][PASSED] - changeWebDriver(driver): null

27-11-2024T17:25:27 - [TEST_STEP][PASSED] - driver.get(url): null

27-11-2024T17:25:30 - [TEST_STEP][PASSED] - waitForPageLoad(10): Wait for page load successfully

27-11-2024T17:25:30 - [MESSAGE][PASSED] - Wait for page load successfully

27-11-2024T17:25:30 - [TEST_STEP][PASSED] - maximizeWindow(): Current window maximized

27-11-2024T17:25:30 - [MESSAGE][PASSED] - Current window maximized

27-11-2024T17:25:30 - [TEST_STEP][PASSED] - if (waitForElementVisible(findTestObject("Object Repository/home_page/ads_close_button"), 10)): null

27-11-2024T17:25:30 - [MESSAGE][PASSED] - Object 'Object Repository/home_page/ads_close_button' is visible

27-11-2024T17:25:30 - [TEST_STEP][PASSED] - click(findTestObject("Object Repository/home_page/ads_close_button")): Object: 'Object Repository/home_page/ads_close_button' is clicked on

27-11-2024T17:25:30 - [MESSAGE][PASSED] - Object: 'Object Repository/home_page/ads_close_button' is clicked on

27-11-2024T17:25:30 - [MESSAGE][PASSED] - Method 'setupTestCase' complete successfully

27-11-2024T17:25:30 - [TEST_STEP][PASSED] - "======================Login to the Coolmate Page with valid fields========================": null

27-11-2024T17:25:30 - [TEST_STEP][PASSED] - delay(5): Delayed 5 second(s)

27-11-2024T17:25:35 - [MESSAGE][PASSED] - Delayed 5 second(s)

27-11-2024T17:25:35 - [TEST_STEP][PASSED] - click(findTestObject("Object Repository/common/icon/user icon")): Object: 'Object Repository/common/icon/user icon' is clicked on

27-11-2024T17:25:35 - [MESSAGE][PASSED] - Object: 'Object Repository/common/icon/user icon' is clicked on

27-11-2024T17:25:35 - [TEST_STEP][PASSED] - delay(3): Delayed 3 second(s)

27-11-2024T17:25:38 - [MESSAGE][PASSED] - Delayed 3 second(s)

27-11-2024T17:25:38 - [TEST_STEP][PASSED] - sendKeys(findTestObject("Object Repository/common/div/div_id_with_input_name", ["id":"app", "name":"username"]), username_bao): Keys 'baob2012178@student.ctu.edu.vn' sent to object: 'Object Repository/common/div/div_id_with_input_name'

27-11-2024T17:25:39 - [MESSAGE][PASSED] - Keys 'baob2012178@student.ctu.edu.vn' sent to object: 'Object Repository/common/div/div_id_with_input_name'

27-11-2024T17:25:39 - [TEST_STEP][PASSED] - delay(3): Delayed 3 second(s)

27-11-2024T17:25:42 - [MESSAGE][PASSED] - Delayed 3 second(s)

27-11-2024T17:25:42 - [TEST_STEP][PASSED] - setEncryptedText(findTestObject("Object Repository/common/div/div_id_with_input_name", ["id":"app", "name":"password"]), password_bao): Text ****** has been set on object 'Object Repository/common/div/div_id_with_input_name'

27-11-2024T17:25:42 - [MESSAGE][PASSED] - Text ****** has been set on object 'Object Repository/common/div/div_id_with_input_name'

27-11-2024T17:25:42 - [TEST_STEP][PASSED] - common.UtilKeyword.takeScreenShot("valid_fields_login"): common.UtilKeyword.takeScreenShot is PASSED

27-11-2024T17:25:42 - [MESSAGE][PASSED] - Taking screenshot successfully
[[ATTACHMENT|C:\Users\ncbao\Downloads\Draft Repo On Github\Draft\Katalon Projects\Coolmate Test\Screenshots\Test Suites\COOLMATE-001\TS001-Login\TC001-Login with valid fields\valid_fields_login_27112024 172542.png]]

27-11-2024T17:25:42 - [MESSAGE][PASSED] - common.UtilKeyword.takeScreenShot is PASSED

27-11-2024T17:25:42 - [TEST_STEP][PASSED] - delay(3): Delayed 3 second(s)

27-11-2024T17:25:45 - [MESSAGE][PASSED] - Delayed 3 second(s)

27-11-2024T17:25:45 - [TEST_STEP][PASSED] - click(findTestObject("Object Repository/common/button/button_class", ["class":"login-btn"])): Object: 'Object Repository/common/button/button_class' is clicked on

27-11-2024T17:25:45 - [MESSAGE][PASSED] - Object: 'Object Repository/common/button/button_class' is clicked on

27-11-2024T17:25:45 - [TEST_STEP][PASSED] - waitForPageLoad(10): Wait for page load successfully

27-11-2024T17:25:45 - [MESSAGE][PASSED] - Wait for page load successfully

27-11-2024T17:25:45 - [TEST_STEP][PASSED] - updateSizePopup = new com.kms.katalon.core.testobject.TestObject(): null

27-11-2024T17:25:45 - [TEST_STEP][PASSED] - updateSizePopup.addProperty("xpath", EQUALS, "//*[@id='popup-member'][1]/div[2]/span"): null

27-11-2024T17:25:45 - [TEST_STEP][PASSED] - waitForElementVisible(updateSizePopup, 10): Object '' is visible

27-11-2024T17:25:49 - [MESSAGE][PASSED] - Object '' is visible

27-11-2024T17:25:49 - [TEST_STEP][PASSED] - delay(3): Delayed 3 second(s)

27-11-2024T17:25:52 - [MESSAGE][PASSED] - Delayed 3 second(s)

27-11-2024T17:25:52 - [TEST_STEP][PASSED] - click(updateSizePopup): Object: '' is clicked on

27-11-2024T17:25:52 - [MESSAGE][PASSED] - Object: '' is clicked on

27-11-2024T17:25:52 - [TEST_STEP][PASSED] - delay(3): Delayed 3 second(s)

27-11-2024T17:25:55 - [MESSAGE][PASSED] - Delayed 3 second(s)

27-11-2024T17:25:55 - [TEST_STEP][PASSED] - newMemberPopup = new com.kms.katalon.core.testobject.TestObject(): null

27-11-2024T17:25:55 - [TEST_STEP][PASSED] - newMemberPopup.addProperty("xpath", EQUALS, "//*[@id='popup-member'][2]/div[2]/span"): null

27-11-2024T17:25:55 - [TEST_STEP][PASSED] - waitForElementVisible(newMemberPopup, 10): Object '' is visible

27-11-2024T17:25:55 - [MESSAGE][PASSED] - Object '' is visible

27-11-2024T17:25:55 - [TEST_STEP][PASSED] - delay(3): Delayed 3 second(s)

27-11-2024T17:25:58 - [MESSAGE][PASSED] - Delayed 3 second(s)

27-11-2024T17:25:58 - [TEST_STEP][PASSED] - click(newMemberPopup): Object: '' is clicked on

27-11-2024T17:25:58 - [MESSAGE][PASSED] - Object: '' is clicked on

27-11-2024T17:25:58 - [TEST_STEP][PASSED] - delay(3): Delayed 3 second(s)

27-11-2024T17:26:01 - [MESSAGE][PASSED] - Delayed 3 second(s)

27-11-2024T17:26:01 - [TEST_STEP][PASSED] - click(findTestObject("Object Repository/common/icon/user icon")): Object: 'Object Repository/common/icon/user icon' is clicked on

27-11-2024T17:26:01 - [MESSAGE][PASSED] - Object: 'Object Repository/common/icon/user icon' is clicked on

27-11-2024T17:26:01 - [TEST_STEP][PASSED] - verifyElementPresent(findTestObject("Object Repository/common/div/div_class", ["class":"account-information__name"]), 10): Object 'Object Repository/common/div/div_class' is present

27-11-2024T17:26:01 - [MESSAGE][PASSED] - Object 'Object Repository/common/div/div_class' is present

27-11-2024T17:26:01 - [TEST_STEP][PASSED] - common.UtilKeyword.takeScreenShot("verify_logged_in"): common.UtilKeyword.takeScreenShot is PASSED

27-11-2024T17:26:01 - [MESSAGE][PASSED] - Taking screenshot successfully
[[ATTACHMENT|C:\Users\ncbao\Downloads\Draft Repo On Github\Draft\Katalon Projects\Coolmate Test\Screenshots\Test Suites\COOLMATE-001\TS001-Login\TC001-Login with valid fields\verify_logged_in_27112024 172601.png]]

27-11-2024T17:26:01 - [MESSAGE][PASSED] - common.UtilKeyword.takeScreenShot is PASSED

27-11-2024T17:26:01 - [TEST_STEP][PASSED] - delay(5): Delayed 5 second(s)

27-11-2024T17:26:06 - [MESSAGE][PASSED] - Delayed 5 second(s)

27-11-2024T17:26:06 - [TEST_STEP][PASSED] - Start tear down : tearDownTestCase: Method 'tearDownTestCase' complete successfully

27-11-2024T17:26:06 - [TEST_STEP][PASSED] - closeBrowser(): Browser is closed

27-11-2024T17:26:07 - [MESSAGE][PASSED] - Browser is closed

27-11-2024T17:26:07 - [MESSAGE][PASSED] - Method 'tearDownTestCase' complete successfully]]></system-out>
         <system-err><![CDATA[]]></system-err>
      </testcase>
      <testcase name="Test Cases/COOLMATE-001/TC002-Login with invalid username" time="19.171" classname="Test Cases/COOLMATE-001/TC002-Login with invalid username" status="PASSED">
         <system-out><![CDATA[27-11-2024T17:26:07 - [TEST_CASE][PASSED] - Test Cases/COOLMATE-001/TC002-Login with invalid username: Test Cases/COOLMATE-001/TC002-Login with invalid username

27-11-2024T17:26:07 - [TEST_STEP][PASSED] - Start listener action : beforeTestCase: null

27-11-2024T17:26:07 - [TEST_STEP][PASSED] - testCaseName = split("/").last(): null

27-11-2024T17:26:07 - [TEST_STEP][PASSED] - Start setup action : setupTestCase: Method 'setupTestCase' complete successfully

27-11-2024T17:26:07 - [TEST_STEP][PASSED] - basePath = getProjectDir(): null

27-11-2024T17:26:07 - [TEST_STEP][PASSED] - System.setProperty("webdriver.chrome.driver", basePath + "/Drivers/chromedriver131.exe"): null

27-11-2024T17:26:07 - [TEST_STEP][PASSED] - options = new org.openqa.selenium.chrome.ChromeOptions(): null

27-11-2024T17:26:07 - [TEST_STEP][PASSED] - options.addArguments("--incognito"): null

27-11-2024T17:26:07 - [TEST_STEP][PASSED] - driver = new org.openqa.selenium.chrome.ChromeDriver(options): null

27-11-2024T17:26:07 - [TEST_STEP][PASSED] - changeWebDriver(driver): null

27-11-2024T17:26:07 - [TEST_STEP][PASSED] - driver.get(url): null

27-11-2024T17:26:10 - [TEST_STEP][PASSED] - waitForPageLoad(10): Wait for page load successfully

27-11-2024T17:26:10 - [MESSAGE][PASSED] - Wait for page load successfully

27-11-2024T17:26:10 - [TEST_STEP][PASSED] - maximizeWindow(): Current window maximized

27-11-2024T17:26:10 - [MESSAGE][PASSED] - Current window maximized

27-11-2024T17:26:10 - [TEST_STEP][PASSED] - if (waitForElementVisible(findTestObject("Object Repository/home_page/ads_close_button"), 10)): null

27-11-2024T17:26:10 - [MESSAGE][PASSED] - Object 'Object Repository/home_page/ads_close_button' is visible

27-11-2024T17:26:10 - [TEST_STEP][PASSED] - click(findTestObject("Object Repository/home_page/ads_close_button")): Object: 'Object Repository/home_page/ads_close_button' is clicked on

27-11-2024T17:26:10 - [MESSAGE][PASSED] - Object: 'Object Repository/home_page/ads_close_button' is clicked on

27-11-2024T17:26:10 - [MESSAGE][PASSED] - Method 'setupTestCase' complete successfully

27-11-2024T17:26:10 - [TEST_STEP][PASSED] - "=========================Login to the Coolmate Page with invalid username========================": null

27-11-2024T17:26:10 - [TEST_STEP][PASSED] - delay(5): Delayed 5 second(s)

27-11-2024T17:26:15 - [MESSAGE][PASSED] - Delayed 5 second(s)

27-11-2024T17:26:15 - [TEST_STEP][PASSED] - click(findTestObject("Object Repository/common/icon/user icon")): Object: 'Object Repository/common/icon/user icon' is clicked on

27-11-2024T17:26:15 - [MESSAGE][PASSED] - Object: 'Object Repository/common/icon/user icon' is clicked on

27-11-2024T17:26:15 - [TEST_STEP][PASSED] - delay(3): Delayed 3 second(s)

27-11-2024T17:26:18 - [MESSAGE][PASSED] - Delayed 3 second(s)

27-11-2024T17:26:18 - [TEST_STEP][PASSED] - sendKeys(findTestObject("Object Repository/common/div/div_id_with_input_name", ["id":"app", "name":"username"]), username_bao + "Wrong Text"): Keys 'baob2012178@student.ctu.edu.vnWrong Text' sent to object: 'Object Repository/common/div/div_id_with_input_name'

27-11-2024T17:26:18 - [MESSAGE][PASSED] - Keys 'baob2012178@student.ctu.edu.vnWrong Text' sent to object: 'Object Repository/common/div/div_id_with_input_name'

27-11-2024T17:26:18 - [TEST_STEP][PASSED] - delay(3): Delayed 3 second(s)

27-11-2024T17:26:21 - [MESSAGE][PASSED] - Delayed 3 second(s)

27-11-2024T17:26:21 - [TEST_STEP][PASSED] - setEncryptedText(findTestObject("Object Repository/common/div/div_id_with_input_name", ["id":"app", "name":"password"]), password_bao): Text ****** has been set on object 'Object Repository/common/div/div_id_with_input_name'

27-11-2024T17:26:21 - [MESSAGE][PASSED] - Text ****** has been set on object 'Object Repository/common/div/div_id_with_input_name'

27-11-2024T17:26:21 - [TEST_STEP][PASSED] - common.UtilKeyword.takeScreenShot("invalid_username_login"): common.UtilKeyword.takeScreenShot is PASSED

27-11-2024T17:26:21 - [MESSAGE][PASSED] - Taking screenshot successfully
[[ATTACHMENT|C:\Users\ncbao\Downloads\Draft Repo On Github\Draft\Katalon Projects\Coolmate Test\Screenshots\Test Suites\COOLMATE-001\TS001-Login\TC002-Login with invalid username\invalid_username_login_27112024 172621.png]]

27-11-2024T17:26:21 - [MESSAGE][PASSED] - common.UtilKeyword.takeScreenShot is PASSED

27-11-2024T17:26:21 - [TEST_STEP][PASSED] - delay(3): Delayed 3 second(s)

27-11-2024T17:26:24 - [MESSAGE][PASSED] - Delayed 3 second(s)

27-11-2024T17:26:24 - [TEST_STEP][PASSED] - click(findTestObject("Object Repository/common/button/button_class", ["class":"login-btn"])): Object: 'Object Repository/common/button/button_class' is clicked on

27-11-2024T17:26:25 - [MESSAGE][PASSED] - Object: 'Object Repository/common/button/button_class' is clicked on

27-11-2024T17:26:25 - [TEST_STEP][PASSED] - waitForPageLoad(10): Wait for page load successfully

27-11-2024T17:26:25 - [MESSAGE][PASSED] - Wait for page load successfully

27-11-2024T17:26:25 - [TEST_STEP][PASSED] - if (waitForElementVisible(findTestObject("Object Repository/common/div/div_class", ["class":"login-error"]), 10)): null

27-11-2024T17:26:25 - [MESSAGE][PASSED] - Object 'Object Repository/common/div/div_class' is visible

27-11-2024T17:26:25 - [TEST_STEP][PASSED] - errorMessage = getText(findTestObject("Object Repository/common/div/div_class", ["class":"login-error"])): Text of object 'Object Repository/common/div/div_class' is: 'Hmmmm, Thông tin đăng nhập không chính xác.'

27-11-2024T17:26:25 - [MESSAGE][PASSED] - Text of object 'Object Repository/common/div/div_class' is: 'Hmmmm, Thông tin đăng nhập không chính xác.'

27-11-2024T17:26:25 - [TEST_STEP][PASSED] - logInfo("Error Message: " + errorMessage): Error Message: Hmmmm, Thông tin đăng nhập không chính xác.

27-11-2024T17:26:25 - [MESSAGE][INFO] - Error Message: Hmmmm, Thông tin đăng nhập không chính xác.

27-11-2024T17:26:25 - [TEST_STEP][PASSED] - common.UtilKeyword.takeScreenShot("invalid_username_err_mess"): common.UtilKeyword.takeScreenShot is PASSED

27-11-2024T17:26:26 - [MESSAGE][PASSED] - Taking screenshot successfully
[[ATTACHMENT|C:\Users\ncbao\Downloads\Draft Repo On Github\Draft\Katalon Projects\Coolmate Test\Screenshots\Test Suites\COOLMATE-001\TS001-Login\TC002-Login with invalid username\invalid_username_err_mess_27112024 172625.png]]

27-11-2024T17:26:26 - [MESSAGE][PASSED] - common.UtilKeyword.takeScreenShot is PASSED

27-11-2024T17:26:26 - [TEST_STEP][PASSED] - Start tear down : tearDownTestCase: Method 'tearDownTestCase' complete successfully

27-11-2024T17:26:26 - [TEST_STEP][PASSED] - closeBrowser(): Browser is closed

27-11-2024T17:26:26 - [MESSAGE][PASSED] - Browser is closed

27-11-2024T17:26:26 - [MESSAGE][PASSED] - Method 'tearDownTestCase' complete successfully]]></system-out>
         <system-err><![CDATA[]]></system-err>
      </testcase>
      <testcase name="Test Cases/COOLMATE-001/TC003-Login with invalid password" time="19.08" classname="Test Cases/COOLMATE-001/TC003-Login with invalid password" status="PASSED">
         <system-out><![CDATA[27-11-2024T17:26:26 - [TEST_CASE][PASSED] - Test Cases/COOLMATE-001/TC003-Login with invalid password: Test Cases/COOLMATE-001/TC003-Login with invalid password

27-11-2024T17:26:26 - [TEST_STEP][PASSED] - Start listener action : beforeTestCase: null

27-11-2024T17:26:26 - [TEST_STEP][PASSED] - testCaseName = split("/").last(): null

27-11-2024T17:26:26 - [TEST_STEP][PASSED] - Start setup action : setupTestCase: Method 'setupTestCase' complete successfully

27-11-2024T17:26:26 - [TEST_STEP][PASSED] - basePath = getProjectDir(): null

27-11-2024T17:26:26 - [TEST_STEP][PASSED] - System.setProperty("webdriver.chrome.driver", basePath + "/Drivers/chromedriver131.exe"): null

27-11-2024T17:26:26 - [TEST_STEP][PASSED] - options = new org.openqa.selenium.chrome.ChromeOptions(): null

27-11-2024T17:26:26 - [TEST_STEP][PASSED] - options.addArguments("--incognito"): null

27-11-2024T17:26:26 - [TEST_STEP][PASSED] - driver = new org.openqa.selenium.chrome.ChromeDriver(options): null

27-11-2024T17:26:27 - [TEST_STEP][PASSED] - changeWebDriver(driver): null

27-11-2024T17:26:27 - [TEST_STEP][PASSED] - driver.get(url): null

27-11-2024T17:26:29 - [TEST_STEP][PASSED] - waitForPageLoad(10): Wait for page load successfully

27-11-2024T17:26:29 - [MESSAGE][PASSED] - Wait for page load successfully

27-11-2024T17:26:29 - [TEST_STEP][PASSED] - maximizeWindow(): Current window maximized

27-11-2024T17:26:29 - [MESSAGE][PASSED] - Current window maximized

27-11-2024T17:26:29 - [TEST_STEP][PASSED] - if (waitForElementVisible(findTestObject("Object Repository/home_page/ads_close_button"), 10)): null

27-11-2024T17:26:29 - [MESSAGE][PASSED] - Object 'Object Repository/home_page/ads_close_button' is visible

27-11-2024T17:26:29 - [TEST_STEP][PASSED] - click(findTestObject("Object Repository/home_page/ads_close_button")): Object: 'Object Repository/home_page/ads_close_button' is clicked on

27-11-2024T17:26:29 - [MESSAGE][PASSED] - Object: 'Object Repository/home_page/ads_close_button' is clicked on

27-11-2024T17:26:29 - [MESSAGE][PASSED] - Method 'setupTestCase' complete successfully

27-11-2024T17:26:29 - [TEST_STEP][PASSED] - "=======================Login to the Coolmate Page with invalid password=============================": null

27-11-2024T17:26:29 - [TEST_STEP][PASSED] - delay(5): Delayed 5 second(s)

27-11-2024T17:26:34 - [MESSAGE][PASSED] - Delayed 5 second(s)

27-11-2024T17:26:34 - [TEST_STEP][PASSED] - click(findTestObject("Object Repository/common/icon/user icon")): Object: 'Object Repository/common/icon/user icon' is clicked on

27-11-2024T17:26:34 - [MESSAGE][PASSED] - Object: 'Object Repository/common/icon/user icon' is clicked on

27-11-2024T17:26:34 - [TEST_STEP][PASSED] - delay(3): Delayed 3 second(s)

27-11-2024T17:26:37 - [MESSAGE][PASSED] - Delayed 3 second(s)

27-11-2024T17:26:37 - [TEST_STEP][PASSED] - sendKeys(findTestObject("Object Repository/common/div/div_id_with_input_name", ["id":"app", "name":"username"]), username_bao): Keys 'baob2012178@student.ctu.edu.vn' sent to object: 'Object Repository/common/div/div_id_with_input_name'

27-11-2024T17:26:37 - [MESSAGE][PASSED] - Keys 'baob2012178@student.ctu.edu.vn' sent to object: 'Object Repository/common/div/div_id_with_input_name'

27-11-2024T17:26:37 - [TEST_STEP][PASSED] - delay(3): Delayed 3 second(s)

27-11-2024T17:26:40 - [MESSAGE][PASSED] - Delayed 3 second(s)

27-11-2024T17:26:40 - [TEST_STEP][PASSED] - setEncryptedText(findTestObject("Object Repository/common/div/div_id_with_input_name", ["id":"app", "name":"password"]), "YsqIKzHWQwYX7jcwa8U8RQ=="): Text ****** has been set on object 'Object Repository/common/div/div_id_with_input_name'

27-11-2024T17:26:40 - [MESSAGE][PASSED] - Text ****** has been set on object 'Object Repository/common/div/div_id_with_input_name'

27-11-2024T17:26:40 - [TEST_STEP][PASSED] - common.UtilKeyword.takeScreenShot("invalid_password_login"): common.UtilKeyword.takeScreenShot is PASSED

27-11-2024T17:26:40 - [MESSAGE][PASSED] - Taking screenshot successfully
[[ATTACHMENT|C:\Users\ncbao\Downloads\Draft Repo On Github\Draft\Katalon Projects\Coolmate Test\Screenshots\Test Suites\COOLMATE-001\TS001-Login\TC003-Login with invalid password\invalid_password_login_27112024 172640.png]]

27-11-2024T17:26:40 - [MESSAGE][PASSED] - common.UtilKeyword.takeScreenShot is PASSED

27-11-2024T17:26:40 - [TEST_STEP][PASSED] - delay(3): Delayed 3 second(s)

27-11-2024T17:26:43 - [MESSAGE][PASSED] - Delayed 3 second(s)

27-11-2024T17:26:43 - [TEST_STEP][PASSED] - click(findTestObject("Object Repository/common/button/button_class", ["class":"login-btn"])): Object: 'Object Repository/common/button/button_class' is clicked on

27-11-2024T17:26:44 - [MESSAGE][PASSED] - Object: 'Object Repository/common/button/button_class' is clicked on

27-11-2024T17:26:44 - [TEST_STEP][PASSED] - waitForPageLoad(10): Wait for page load successfully

27-11-2024T17:26:44 - [MESSAGE][PASSED] - Wait for page load successfully

27-11-2024T17:26:44 - [TEST_STEP][PASSED] - if (waitForElementVisible(findTestObject("Object Repository/common/div/div_class", ["class":"login-error"]), 10)): null

27-11-2024T17:26:44 - [MESSAGE][PASSED] - Object 'Object Repository/common/div/div_class' is visible

27-11-2024T17:26:44 - [TEST_STEP][PASSED] - errorMessage = getText(findTestObject("Object Repository/common/div/div_class", ["class":"login-error"])): Text of object 'Object Repository/common/div/div_class' is: 'Hmmmm, Thông tin đăng nhập không chính xác.'

27-11-2024T17:26:44 - [MESSAGE][PASSED] - Text of object 'Object Repository/common/div/div_class' is: 'Hmmmm, Thông tin đăng nhập không chính xác.'

27-11-2024T17:26:44 - [TEST_STEP][PASSED] - logInfo("Error Message: " + errorMessage): Error Message: Hmmmm, Thông tin đăng nhập không chính xác.

27-11-2024T17:26:44 - [MESSAGE][INFO] - Error Message: Hmmmm, Thông tin đăng nhập không chính xác.

27-11-2024T17:26:44 - [TEST_STEP][PASSED] - common.UtilKeyword.takeScreenShot("invalid_pass_err_mess"): common.UtilKeyword.takeScreenShot is PASSED

27-11-2024T17:26:45 - [MESSAGE][PASSED] - Taking screenshot successfully
[[ATTACHMENT|C:\Users\ncbao\Downloads\Draft Repo On Github\Draft\Katalon Projects\Coolmate Test\Screenshots\Test Suites\COOLMATE-001\TS001-Login\TC003-Login with invalid password\invalid_pass_err_mess_27112024 172644.png]]

27-11-2024T17:26:45 - [MESSAGE][PASSED] - common.UtilKeyword.takeScreenShot is PASSED

27-11-2024T17:26:45 - [TEST_STEP][PASSED] - Start tear down : tearDownTestCase: Method 'tearDownTestCase' complete successfully

27-11-2024T17:26:45 - [TEST_STEP][PASSED] - closeBrowser(): Browser is closed

27-11-2024T17:26:45 - [MESSAGE][PASSED] - Browser is closed

27-11-2024T17:26:45 - [MESSAGE][PASSED] - Method 'tearDownTestCase' complete successfully]]></system-out>
         <system-err><![CDATA[]]></system-err>
      </testcase>
      <testcase name="Test Cases/COOLMATE-001/TC004-Login with empty username" time="16.394" classname="Test Cases/COOLMATE-001/TC004-Login with empty username" status="PASSED">
         <system-out><![CDATA[27-11-2024T17:26:45 - [TEST_CASE][PASSED] - Test Cases/COOLMATE-001/TC004-Login with empty username: Test Cases/COOLMATE-001/TC004-Login with empty username

27-11-2024T17:26:45 - [TEST_STEP][PASSED] - Start listener action : beforeTestCase: null

27-11-2024T17:26:45 - [TEST_STEP][PASSED] - testCaseName = split("/").last(): null

27-11-2024T17:26:45 - [TEST_STEP][PASSED] - Start setup action : setupTestCase: Method 'setupTestCase' complete successfully

27-11-2024T17:26:45 - [TEST_STEP][PASSED] - basePath = getProjectDir(): null

27-11-2024T17:26:45 - [TEST_STEP][PASSED] - System.setProperty("webdriver.chrome.driver", basePath + "/Drivers/chromedriver131.exe"): null

27-11-2024T17:26:45 - [TEST_STEP][PASSED] - options = new org.openqa.selenium.chrome.ChromeOptions(): null

27-11-2024T17:26:45 - [TEST_STEP][PASSED] - options.addArguments("--incognito"): null

27-11-2024T17:26:45 - [TEST_STEP][PASSED] - driver = new org.openqa.selenium.chrome.ChromeDriver(options): null

27-11-2024T17:26:46 - [TEST_STEP][PASSED] - changeWebDriver(driver): null

27-11-2024T17:26:46 - [TEST_STEP][PASSED] - driver.get(url): null

27-11-2024T17:26:49 - [TEST_STEP][PASSED] - waitForPageLoad(10): Wait for page load successfully

27-11-2024T17:26:49 - [MESSAGE][PASSED] - Wait for page load successfully

27-11-2024T17:26:49 - [TEST_STEP][PASSED] - maximizeWindow(): Current window maximized

27-11-2024T17:26:49 - [MESSAGE][PASSED] - Current window maximized

27-11-2024T17:26:49 - [TEST_STEP][PASSED] - if (waitForElementVisible(findTestObject("Object Repository/home_page/ads_close_button"), 10)): null

27-11-2024T17:26:49 - [MESSAGE][PASSED] - Object 'Object Repository/home_page/ads_close_button' is visible

27-11-2024T17:26:49 - [TEST_STEP][PASSED] - click(findTestObject("Object Repository/home_page/ads_close_button")): Object: 'Object Repository/home_page/ads_close_button' is clicked on

27-11-2024T17:26:49 - [MESSAGE][PASSED] - Object: 'Object Repository/home_page/ads_close_button' is clicked on

27-11-2024T17:26:49 - [MESSAGE][PASSED] - Method 'setupTestCase' complete successfully

27-11-2024T17:26:49 - [TEST_STEP][PASSED] - "==========================Login to the Coolmate Page with enpty username=============================": null

27-11-2024T17:26:49 - [TEST_STEP][PASSED] - delay(5): Delayed 5 second(s)

27-11-2024T17:26:54 - [MESSAGE][PASSED] - Delayed 5 second(s)

27-11-2024T17:26:54 - [TEST_STEP][PASSED] - click(findTestObject("Object Repository/common/icon/user icon")): Object: 'Object Repository/common/icon/user icon' is clicked on

27-11-2024T17:26:54 - [MESSAGE][PASSED] - Object: 'Object Repository/common/icon/user icon' is clicked on

27-11-2024T17:26:54 - [TEST_STEP][PASSED] - delay(3): Delayed 3 second(s)

27-11-2024T17:26:57 - [MESSAGE][PASSED] - Delayed 3 second(s)

27-11-2024T17:26:57 - [TEST_STEP][PASSED] - setEncryptedText(findTestObject("Object Repository/common/div/div_id_with_input_name", ["id":"app", "name":"password"]), password_bao): Text ****** has been set on object 'Object Repository/common/div/div_id_with_input_name'

27-11-2024T17:26:57 - [MESSAGE][PASSED] - Text ****** has been set on object 'Object Repository/common/div/div_id_with_input_name'

27-11-2024T17:26:57 - [TEST_STEP][PASSED] - common.UtilKeyword.takeScreenShot("empty_username_login"): common.UtilKeyword.takeScreenShot is PASSED

27-11-2024T17:26:57 - [MESSAGE][PASSED] - Taking screenshot successfully
[[ATTACHMENT|C:\Users\ncbao\Downloads\Draft Repo On Github\Draft\Katalon Projects\Coolmate Test\Screenshots\Test Suites\COOLMATE-001\TS001-Login\TC004-Login with empty username\empty_username_login_27112024 172657.png]]

27-11-2024T17:26:57 - [MESSAGE][PASSED] - common.UtilKeyword.takeScreenShot is PASSED

27-11-2024T17:26:57 - [TEST_STEP][PASSED] - delay(3): Delayed 3 second(s)

27-11-2024T17:27:00 - [MESSAGE][PASSED] - Delayed 3 second(s)

27-11-2024T17:27:00 - [TEST_STEP][PASSED] - click(findTestObject("Object Repository/common/button/button_class", ["class":"login-btn"])): Object: 'Object Repository/common/button/button_class' is clicked on

27-11-2024T17:27:01 - [MESSAGE][PASSED] - Object: 'Object Repository/common/button/button_class' is clicked on

27-11-2024T17:27:01 - [TEST_STEP][PASSED] - waitForPageLoad(10): Wait for page load successfully

27-11-2024T17:27:01 - [MESSAGE][PASSED] - Wait for page load successfully

27-11-2024T17:27:01 - [TEST_STEP][PASSED] - if (waitForElementVisible(findTestObject("Object Repository/common/span/span_class", ["class":"error-text"]), 10)): null

27-11-2024T17:27:01 - [MESSAGE][PASSED] - Object 'Object Repository/common/span/span_class' is visible

27-11-2024T17:27:01 - [TEST_STEP][PASSED] - errorMessage = getText(findTestObject("Object Repository/common/span/span_class", ["class":"error-text"])): Text of object 'Object Repository/common/span/span_class' is: 'Vui lòng nhập Email/SĐT của bạn'

27-11-2024T17:27:01 - [MESSAGE][PASSED] - Text of object 'Object Repository/common/span/span_class' is: 'Vui lòng nhập Email/SĐT của bạn'

27-11-2024T17:27:01 - [TEST_STEP][PASSED] - logInfo("Error Message: " + errorMessage): Error Message: Vui lòng nhập Email/SĐT của bạn

27-11-2024T17:27:01 - [MESSAGE][INFO] - Error Message: Vui lòng nhập Email/SĐT của bạn

27-11-2024T17:27:01 - [TEST_STEP][PASSED] - common.UtilKeyword.takeScreenShot("empty_username_err_mess"): common.UtilKeyword.takeScreenShot is PASSED

27-11-2024T17:27:01 - [MESSAGE][PASSED] - Taking screenshot successfully
[[ATTACHMENT|C:\Users\ncbao\Downloads\Draft Repo On Github\Draft\Katalon Projects\Coolmate Test\Screenshots\Test Suites\COOLMATE-001\TS001-Login\TC004-Login with empty username\empty_username_err_mess_27112024 172701.png]]

27-11-2024T17:27:01 - [MESSAGE][PASSED] - common.UtilKeyword.takeScreenShot is PASSED

27-11-2024T17:27:01 - [TEST_STEP][PASSED] - Start tear down : tearDownTestCase: Method 'tearDownTestCase' complete successfully

27-11-2024T17:27:01 - [TEST_STEP][PASSED] - closeBrowser(): Browser is closed

27-11-2024T17:27:01 - [MESSAGE][PASSED] - Browser is closed

27-11-2024T17:27:01 - [MESSAGE][PASSED] - Method 'tearDownTestCase' complete successfully]]></system-out>
         <system-err><![CDATA[]]></system-err>
      </testcase>
      <testcase name="Test Cases/COOLMATE-001/TC005-Login with empty password" time="16.796" classname="Test Cases/COOLMATE-001/TC005-Login with empty password" status="PASSED">
         <system-out><![CDATA[27-11-2024T17:27:01 - [TEST_CASE][PASSED] - Test Cases/COOLMATE-001/TC005-Login with empty password: Test Cases/COOLMATE-001/TC005-Login with empty password

27-11-2024T17:27:01 - [TEST_STEP][PASSED] - Start listener action : beforeTestCase: null

27-11-2024T17:27:01 - [TEST_STEP][PASSED] - testCaseName = split("/").last(): null

27-11-2024T17:27:01 - [TEST_STEP][PASSED] - Start setup action : setupTestCase: Method 'setupTestCase' complete successfully

27-11-2024T17:27:01 - [TEST_STEP][PASSED] - basePath = getProjectDir(): null

27-11-2024T17:27:01 - [TEST_STEP][PASSED] - System.setProperty("webdriver.chrome.driver", basePath + "/Drivers/chromedriver131.exe"): null

27-11-2024T17:27:01 - [TEST_STEP][PASSED] - options = new org.openqa.selenium.chrome.ChromeOptions(): null

27-11-2024T17:27:01 - [TEST_STEP][PASSED] - options.addArguments("--incognito"): null

27-11-2024T17:27:01 - [TEST_STEP][PASSED] - driver = new org.openqa.selenium.chrome.ChromeDriver(options): null

27-11-2024T17:27:02 - [TEST_STEP][PASSED] - changeWebDriver(driver): null

27-11-2024T17:27:02 - [TEST_STEP][PASSED] - driver.get(url): null

27-11-2024T17:27:06 - [TEST_STEP][PASSED] - waitForPageLoad(10): Wait for page load successfully

27-11-2024T17:27:06 - [MESSAGE][PASSED] - Wait for page load successfully

27-11-2024T17:27:06 - [TEST_STEP][PASSED] - maximizeWindow(): Current window maximized

27-11-2024T17:27:06 - [MESSAGE][PASSED] - Current window maximized

27-11-2024T17:27:06 - [TEST_STEP][PASSED] - if (waitForElementVisible(findTestObject("Object Repository/home_page/ads_close_button"), 10)): null

27-11-2024T17:27:06 - [MESSAGE][PASSED] - Object 'Object Repository/home_page/ads_close_button' is visible

27-11-2024T17:27:06 - [TEST_STEP][PASSED] - click(findTestObject("Object Repository/home_page/ads_close_button")): Object: 'Object Repository/home_page/ads_close_button' is clicked on

27-11-2024T17:27:06 - [MESSAGE][PASSED] - Object: 'Object Repository/home_page/ads_close_button' is clicked on

27-11-2024T17:27:06 - [MESSAGE][PASSED] - Method 'setupTestCase' complete successfully

27-11-2024T17:27:06 - [TEST_STEP][PASSED] - "=======================Login to the Coolmate Page with empty password==========================": null

27-11-2024T17:27:06 - [TEST_STEP][PASSED] - delay(5): Delayed 5 second(s)

27-11-2024T17:27:11 - [MESSAGE][PASSED] - Delayed 5 second(s)

27-11-2024T17:27:11 - [TEST_STEP][PASSED] - click(findTestObject("Object Repository/common/icon/user icon")): Object: 'Object Repository/common/icon/user icon' is clicked on

27-11-2024T17:27:11 - [MESSAGE][PASSED] - Object: 'Object Repository/common/icon/user icon' is clicked on

27-11-2024T17:27:11 - [TEST_STEP][PASSED] - delay(3): Delayed 3 second(s)

27-11-2024T17:27:14 - [MESSAGE][PASSED] - Delayed 3 second(s)

27-11-2024T17:27:14 - [TEST_STEP][PASSED] - sendKeys(findTestObject("Object Repository/common/div/div_id_with_input_name", ["id":"app", "name":"username"]), username_bao): Keys 'baob2012178@student.ctu.edu.vn' sent to object: 'Object Repository/common/div/div_id_with_input_name'

27-11-2024T17:27:14 - [MESSAGE][PASSED] - Keys 'baob2012178@student.ctu.edu.vn' sent to object: 'Object Repository/common/div/div_id_with_input_name'

27-11-2024T17:27:14 - [TEST_STEP][PASSED] - common.UtilKeyword.takeScreenShot("empty_password_login"): common.UtilKeyword.takeScreenShot is PASSED

27-11-2024T17:27:14 - [MESSAGE][PASSED] - Taking screenshot successfully
[[ATTACHMENT|C:\Users\ncbao\Downloads\Draft Repo On Github\Draft\Katalon Projects\Coolmate Test\Screenshots\Test Suites\COOLMATE-001\TS001-Login\TC005-Login with empty password\empty_password_login_27112024 172714.png]]

27-11-2024T17:27:14 - [MESSAGE][PASSED] - common.UtilKeyword.takeScreenShot is PASSED

27-11-2024T17:27:14 - [TEST_STEP][PASSED] - delay(3): Delayed 3 second(s)

27-11-2024T17:27:17 - [MESSAGE][PASSED] - Delayed 3 second(s)

27-11-2024T17:27:17 - [TEST_STEP][PASSED] - click(findTestObject("Object Repository/common/button/button_class", ["class":"login-btn"])): Object: 'Object Repository/common/button/button_class' is clicked on

27-11-2024T17:27:17 - [MESSAGE][PASSED] - Object: 'Object Repository/common/button/button_class' is clicked on

27-11-2024T17:27:17 - [TEST_STEP][PASSED] - waitForPageLoad(10): Wait for page load successfully

27-11-2024T17:27:17 - [MESSAGE][PASSED] - Wait for page load successfully

27-11-2024T17:27:17 - [TEST_STEP][PASSED] - if (waitForElementVisible(findTestObject("Object Repository/common/span/span_class", ["class":"error-text"]), 10)): null

27-11-2024T17:27:18 - [MESSAGE][PASSED] - Object 'Object Repository/common/span/span_class' is visible

27-11-2024T17:27:18 - [TEST_STEP][PASSED] - errorMessage = getText(findTestObject("Object Repository/common/span/span_class", ["class":"error-text"])): Text of object 'Object Repository/common/span/span_class' is: 'Vui lòng nhập mật khẩu của bạn'

27-11-2024T17:27:18 - [MESSAGE][PASSED] - Text of object 'Object Repository/common/span/span_class' is: 'Vui lòng nhập mật khẩu của bạn'

27-11-2024T17:27:18 - [TEST_STEP][PASSED] - logInfo("Error Message: " + errorMessage): Error Message: Vui lòng nhập mật khẩu của bạn

27-11-2024T17:27:18 - [MESSAGE][INFO] - Error Message: Vui lòng nhập mật khẩu của bạn

27-11-2024T17:27:18 - [TEST_STEP][PASSED] - common.UtilKeyword.takeScreenShot("empty_pass_err_mess"): common.UtilKeyword.takeScreenShot is PASSED

27-11-2024T17:27:18 - [MESSAGE][PASSED] - Taking screenshot successfully
[[ATTACHMENT|C:\Users\ncbao\Downloads\Draft Repo On Github\Draft\Katalon Projects\Coolmate Test\Screenshots\Test Suites\COOLMATE-001\TS001-Login\TC005-Login with empty password\empty_pass_err_mess_27112024 172718.png]]

27-11-2024T17:27:18 - [MESSAGE][PASSED] - common.UtilKeyword.takeScreenShot is PASSED

27-11-2024T17:27:18 - [TEST_STEP][PASSED] - Start tear down : tearDownTestCase: Method 'tearDownTestCase' complete successfully

27-11-2024T17:27:18 - [TEST_STEP][PASSED] - closeBrowser(): Browser is closed

27-11-2024T17:27:18 - [MESSAGE][PASSED] - Browser is closed

27-11-2024T17:27:18 - [MESSAGE][PASSED] - Method 'tearDownTestCase' complete successfully]]></system-out>
         <system-err><![CDATA[]]></system-err>
      </testcase>
      <system-out><![CDATA[27-11-2024T17:25:25 - [TEST_SUITE][PASSED] - TS001-Login: Test Cases/COOLMATE-001/TC005-Login with empty password]]></system-out>
      <system-err><![CDATA[]]></system-err>
   </testsuite>
</testsuites>
